{
  "stats": {
    "suites": 12,
    "tests": 41,
    "passes": 0,
    "pending": 0,
    "failures": 41,
    "start": "2022-06-02T20:36:29.157Z",
    "end": "2022-06-02T20:39:57.346Z",
    "duration": 208189,
    "testsRegistered": 41,
    "passPercent": 0,
    "pendingPercent": 0,
    "other": 0,
    "hasOther": false,
    "skipped": 0,
    "hasSkipped": false
  },
  "results": [
    {
      "uuid": "d2def1e3-e4f7-4a73-b9b5-243c1e7c9bd6",
      "title": "",
      "fullFile": "cypress/integration/project.spec.js",
      "file": "cypress/integration/project.spec.js",
      "beforeHooks": [],
      "afterHooks": [],
      "tests": [],
      "suites": [
        {
          "uuid": "a21ed419-becd-4425-b77f-cd447af9ecae",
          "title": "1 - Adicione à página o título \"Paleta de Cores\".",
          "fullFile": "",
          "file": "",
          "beforeHooks": [],
          "afterHooks": [],
          "tests": [
            {
              "title": "Verifica se contém um elemento `h1` com o id `title` com o título correto",
              "fullTitle": "1 - Adicione à página o título \"Paleta de Cores\". Verifica se contém um elemento `h1` com o id `title` com o título correto",
              "timedOut": null,
              "duration": 4920,
              "state": "failed",
              "speed": null,
              "pass": false,
              "fail": true,
              "pending": false,
              "context": null,
              "code": "cy.get('h1#title').should('contain.text', 'Paleta de Cores');",
              "err": {
                "message": "CypressError: Timed out retrying: Expected to find element: 'h1#title', but never found it.",
                "estack": "CypressError: Timed out retrying: Expected to find element: 'h1#title', but never found it.\n    at cypressErr (http://localhost:44223/__cypress/runner/cypress_runner.js:149934:9)\n    at throwErr (http://localhost:44223/__cypress/runner/cypress_runner.js:149867:11)\n    at Object.throwErrByPath (http://localhost:44223/__cypress/runner/cypress_runner.js:149915:3)\n    at retry (http://localhost:44223/__cypress/runner/cypress_runner.js:144197:19)\n    at onFailFn (http://localhost:44223/__cypress/runner/cypress_runner.js:132448:16)\n    at tryCatcher (http://localhost:44223/__cypress/runner/cypress_runner.js:167415:23)\n    at Promise._settlePromiseFromHandler (http://localhost:44223/__cypress/runner/cypress_runner.js:165351:31)\n    at Promise._settlePromise (http://localhost:44223/__cypress/runner/cypress_runner.js:165408:18)\n    at Promise._settlePromise0 (http://localhost:44223/__cypress/runner/cypress_runner.js:165453:10)\n    at Promise._settlePromises (http://localhost:44223/__cypress/runner/cypress_runner.js:165528:18)\n    at Async../node_modules/bluebird/js/release/async.js.Async._drainQueue (http://localhost:44223/__cypress/runner/cypress_runner.js:162140:16)\n    at Async../node_modules/bluebird/js/release/async.js.Async._drainQueues (http://localhost:44223/__cypress/runner/cypress_runner.js:162150:10)\n    at Async.drainQueues (http://localhost:44223/__cypress/runner/cypress_runner.js:162024:14)",
                "diff": null
              },
              "uuid": "c73a6ee1-57f5-46b9-aeac-48e4f89d24d0",
              "parentUUID": "a21ed419-becd-4425-b77f-cd447af9ecae",
              "isHook": false,
              "skipped": false
            }
          ],
          "suites": [],
          "passes": [],
          "failures": [
            "c73a6ee1-57f5-46b9-aeac-48e4f89d24d0"
          ],
          "pending": [],
          "skipped": [],
          "duration": 4920,
          "root": false,
          "rootEmpty": false,
          "_timeout": 2000
        },
        {
          "uuid": "96b31dfe-8614-4861-8d00-1a8741dd6907",
          "title": "2 - Adicione à página uma paleta de quatro cores distintas.",
          "fullFile": "",
          "file": "",
          "beforeHooks": [],
          "afterHooks": [],
          "tests": [
            {
              "title": "A paleta de cores deve ser um elemento com `id` denominado `color-palette` e ter mais de 0px de altura e de largura.",
              "fullTitle": "2 - Adicione à página uma paleta de quatro cores distintas. A paleta de cores deve ser um elemento com `id` denominado `color-palette` e ter mais de 0px de altura e de largura.",
              "timedOut": null,
              "duration": 4980,
              "state": "failed",
              "speed": null,
              "pass": false,
              "fail": true,
              "pending": false,
              "context": null,
              "code": "cy.get('#color-palette').should('be.visible');\ncy.get('#color-palette').children('.color');",
              "err": {
                "message": "CypressError: Timed out retrying: Expected to find element: '#color-palette', but never found it.",
                "estack": "CypressError: Timed out retrying: Expected to find element: '#color-palette', but never found it.\n    at cypressErr (http://localhost:44223/__cypress/runner/cypress_runner.js:149934:9)\n    at throwErr (http://localhost:44223/__cypress/runner/cypress_runner.js:149867:11)\n    at Object.throwErrByPath (http://localhost:44223/__cypress/runner/cypress_runner.js:149915:3)\n    at retry (http://localhost:44223/__cypress/runner/cypress_runner.js:144197:19)\n    at onFailFn (http://localhost:44223/__cypress/runner/cypress_runner.js:132448:16)\n    at tryCatcher (http://localhost:44223/__cypress/runner/cypress_runner.js:167415:23)\n    at Promise._settlePromiseFromHandler (http://localhost:44223/__cypress/runner/cypress_runner.js:165351:31)\n    at Promise._settlePromise (http://localhost:44223/__cypress/runner/cypress_runner.js:165408:18)\n    at Promise._settlePromise0 (http://localhost:44223/__cypress/runner/cypress_runner.js:165453:10)\n    at Promise._settlePromises (http://localhost:44223/__cypress/runner/cypress_runner.js:165528:18)\n    at Async../node_modules/bluebird/js/release/async.js.Async._drainQueue (http://localhost:44223/__cypress/runner/cypress_runner.js:162140:16)\n    at Async../node_modules/bluebird/js/release/async.js.Async._drainQueues (http://localhost:44223/__cypress/runner/cypress_runner.js:162150:10)\n    at Async.drainQueues (http://localhost:44223/__cypress/runner/cypress_runner.js:162024:14)",
                "diff": null
              },
              "uuid": "1b03aa31-840d-44b0-afaf-96bbe6ee7b71",
              "parentUUID": "96b31dfe-8614-4861-8d00-1a8741dd6907",
              "isHook": false,
              "skipped": false
            },
            {
              "title": "Verifica se cada cor individual da paleta de cores possui a `classe` chamada `color`.",
              "fullTitle": "2 - Adicione à página uma paleta de quatro cores distintas. Verifica se cada cor individual da paleta de cores possui a `classe` chamada `color`.",
              "timedOut": null,
              "duration": 4758,
              "state": "failed",
              "speed": null,
              "pass": false,
              "fail": true,
              "pending": false,
              "context": null,
              "code": "cy.get('.color').should('have.length', 4).then(function (colors) {\n  for (var i = 0; i < colors.length; i++) {\n    cy.wrap(colors[i]).should('be.visible');\n  }\n});",
              "err": {
                "message": "CypressError: Timed out retrying: Expected to find element: '.color', but never found it.",
                "estack": "CypressError: Timed out retrying: Expected to find element: '.color', but never found it.\n    at cypressErr (http://localhost:44223/__cypress/runner/cypress_runner.js:149934:9)\n    at throwErr (http://localhost:44223/__cypress/runner/cypress_runner.js:149867:11)\n    at Object.throwErrByPath (http://localhost:44223/__cypress/runner/cypress_runner.js:149915:3)\n    at retry (http://localhost:44223/__cypress/runner/cypress_runner.js:144197:19)\n    at onFailFn (http://localhost:44223/__cypress/runner/cypress_runner.js:132448:16)\n    at tryCatcher (http://localhost:44223/__cypress/runner/cypress_runner.js:167415:23)\n    at Promise._settlePromiseFromHandler (http://localhost:44223/__cypress/runner/cypress_runner.js:165351:31)\n    at Promise._settlePromise (http://localhost:44223/__cypress/runner/cypress_runner.js:165408:18)\n    at Promise._settlePromise0 (http://localhost:44223/__cypress/runner/cypress_runner.js:165453:10)\n    at Promise._settlePromises (http://localhost:44223/__cypress/runner/cypress_runner.js:165528:18)\n    at Async../node_modules/bluebird/js/release/async.js.Async._drainQueue (http://localhost:44223/__cypress/runner/cypress_runner.js:162140:16)\n    at Async../node_modules/bluebird/js/release/async.js.Async._drainQueues (http://localhost:44223/__cypress/runner/cypress_runner.js:162150:10)\n    at Async.drainQueues (http://localhost:44223/__cypress/runner/cypress_runner.js:162024:14)",
                "diff": null
              },
              "uuid": "ac2ced64-f968-46c2-98dc-27e4e69b7deb",
              "parentUUID": "96b31dfe-8614-4861-8d00-1a8741dd6907",
              "isHook": false,
              "skipped": false
            },
            {
              "title": "Verifica se a cor de fundo de cada elemento da paleta é a cor que o elemento representa. **A única cor não permitida na paleta é a cor branca.**",
              "fullTitle": "2 - Adicione à página uma paleta de quatro cores distintas. Verifica se a cor de fundo de cada elemento da paleta é a cor que o elemento representa. **A única cor não permitida na paleta é a cor branca.**",
              "timedOut": null,
              "duration": 4559,
              "state": "failed",
              "speed": null,
              "pass": false,
              "fail": true,
              "pending": false,
              "context": null,
              "code": "cy.get('.color').each(function (color) {\n  cy.wrap(color).should('have.class', 'color').and('not.have.css', 'background-color', WHITE);\n  cy.wrap(color).should('have.css', 'background-color');\n});",
              "err": {
                "message": "CypressError: Timed out retrying: Expected to find element: '.color', but never found it.",
                "estack": "CypressError: Timed out retrying: Expected to find element: '.color', but never found it.\n    at cypressErr (http://localhost:44223/__cypress/runner/cypress_runner.js:149934:9)\n    at throwErr (http://localhost:44223/__cypress/runner/cypress_runner.js:149867:11)\n    at Object.throwErrByPath (http://localhost:44223/__cypress/runner/cypress_runner.js:149915:3)\n    at retry (http://localhost:44223/__cypress/runner/cypress_runner.js:144197:19)\n    at onFailFn (http://localhost:44223/__cypress/runner/cypress_runner.js:132448:16)\n    at tryCatcher (http://localhost:44223/__cypress/runner/cypress_runner.js:167415:23)\n    at Promise._settlePromiseFromHandler (http://localhost:44223/__cypress/runner/cypress_runner.js:165351:31)\n    at Promise._settlePromise (http://localhost:44223/__cypress/runner/cypress_runner.js:165408:18)\n    at Promise._settlePromise0 (http://localhost:44223/__cypress/runner/cypress_runner.js:165453:10)\n    at Promise._settlePromises (http://localhost:44223/__cypress/runner/cypress_runner.js:165528:18)\n    at Async../node_modules/bluebird/js/release/async.js.Async._drainQueue (http://localhost:44223/__cypress/runner/cypress_runner.js:162140:16)\n    at Async../node_modules/bluebird/js/release/async.js.Async._drainQueues (http://localhost:44223/__cypress/runner/cypress_runner.js:162150:10)\n    at Async.drainQueues (http://localhost:44223/__cypress/runner/cypress_runner.js:162024:14)",
                "diff": null
              },
              "uuid": "72357a08-6e8b-4a0e-b09f-00eb7ba06b79",
              "parentUUID": "96b31dfe-8614-4861-8d00-1a8741dd6907",
              "isHook": false,
              "skipped": false
            },
            {
              "title": "Verifica se cada elemento da paleta de cores tem uma borda preta, sólida e com 1 pixel de largura;",
              "fullTitle": "2 - Adicione à página uma paleta de quatro cores distintas. Verifica se cada elemento da paleta de cores tem uma borda preta, sólida e com 1 pixel de largura;",
              "timedOut": null,
              "duration": 4646,
              "state": "failed",
              "speed": null,
              "pass": false,
              "fail": true,
              "pending": false,
              "context": null,
              "code": "cy.get('.color').each(function (color) {\n  cy.wrap(color).and('have.css', 'border', \"1px solid \".concat(BLACK)).and('have.class', 'color');\n});",
              "err": {
                "message": "CypressError: Timed out retrying: Expected to find element: '.color', but never found it.",
                "estack": "CypressError: Timed out retrying: Expected to find element: '.color', but never found it.\n    at cypressErr (http://localhost:44223/__cypress/runner/cypress_runner.js:149934:9)\n    at throwErr (http://localhost:44223/__cypress/runner/cypress_runner.js:149867:11)\n    at Object.throwErrByPath (http://localhost:44223/__cypress/runner/cypress_runner.js:149915:3)\n    at retry (http://localhost:44223/__cypress/runner/cypress_runner.js:144197:19)\n    at onFailFn (http://localhost:44223/__cypress/runner/cypress_runner.js:132448:16)\n    at tryCatcher (http://localhost:44223/__cypress/runner/cypress_runner.js:167415:23)\n    at Promise._settlePromiseFromHandler (http://localhost:44223/__cypress/runner/cypress_runner.js:165351:31)\n    at Promise._settlePromise (http://localhost:44223/__cypress/runner/cypress_runner.js:165408:18)\n    at Promise._settlePromise0 (http://localhost:44223/__cypress/runner/cypress_runner.js:165453:10)\n    at Promise._settlePromises (http://localhost:44223/__cypress/runner/cypress_runner.js:165528:18)\n    at Async../node_modules/bluebird/js/release/async.js.Async._drainQueue (http://localhost:44223/__cypress/runner/cypress_runner.js:162140:16)\n    at Async../node_modules/bluebird/js/release/async.js.Async._drainQueues (http://localhost:44223/__cypress/runner/cypress_runner.js:162150:10)\n    at Async.drainQueues (http://localhost:44223/__cypress/runner/cypress_runner.js:162024:14)",
                "diff": null
              },
              "uuid": "825365c1-0670-4076-9e9d-3c2a344e3545",
              "parentUUID": "96b31dfe-8614-4861-8d00-1a8741dd6907",
              "isHook": false,
              "skipped": false
            },
            {
              "title": "Verifica se a paleta lista todas as cores disponíveis para utilização, lado a lado.",
              "fullTitle": "2 - Adicione à página uma paleta de quatro cores distintas. Verifica se a paleta lista todas as cores disponíveis para utilização, lado a lado.",
              "timedOut": null,
              "duration": 4632,
              "state": "failed",
              "speed": null,
              "pass": false,
              "fail": true,
              "pending": false,
              "context": null,
              "code": "cy.get('.color').then(function (colors) {\n  for (var index = 1; index < colors.length; index += 1) {\n    var currentColor = colors[index];\n    var previousColor = colors[index - 1];\n    cy.wrap(currentColor).should('be.onTheRightOf', previousColor).and('be.horizontallyAlignedWith', previousColor);\n  }\n});",
              "err": {
                "message": "CypressError: Timed out retrying: Expected to find element: '.color', but never found it.",
                "estack": "CypressError: Timed out retrying: Expected to find element: '.color', but never found it.\n    at cypressErr (http://localhost:44223/__cypress/runner/cypress_runner.js:149934:9)\n    at throwErr (http://localhost:44223/__cypress/runner/cypress_runner.js:149867:11)\n    at Object.throwErrByPath (http://localhost:44223/__cypress/runner/cypress_runner.js:149915:3)\n    at retry (http://localhost:44223/__cypress/runner/cypress_runner.js:144197:19)\n    at onFailFn (http://localhost:44223/__cypress/runner/cypress_runner.js:132448:16)\n    at tryCatcher (http://localhost:44223/__cypress/runner/cypress_runner.js:167415:23)\n    at Promise._settlePromiseFromHandler (http://localhost:44223/__cypress/runner/cypress_runner.js:165351:31)\n    at Promise._settlePromise (http://localhost:44223/__cypress/runner/cypress_runner.js:165408:18)\n    at Promise._settlePromise0 (http://localhost:44223/__cypress/runner/cypress_runner.js:165453:10)\n    at Promise._settlePromises (http://localhost:44223/__cypress/runner/cypress_runner.js:165528:18)\n    at Async../node_modules/bluebird/js/release/async.js.Async._drainQueue (http://localhost:44223/__cypress/runner/cypress_runner.js:162140:16)\n    at Async../node_modules/bluebird/js/release/async.js.Async._drainQueues (http://localhost:44223/__cypress/runner/cypress_runner.js:162150:10)\n    at Async.drainQueues (http://localhost:44223/__cypress/runner/cypress_runner.js:162024:14)",
                "diff": null
              },
              "uuid": "ba3989b6-3a32-43e2-bf5e-c871900a035a",
              "parentUUID": "96b31dfe-8614-4861-8d00-1a8741dd6907",
              "isHook": false,
              "skipped": false
            },
            {
              "title": "Verifica se a paleta de cores está posicionada abaixo do título 'Paleta de Cores'",
              "fullTitle": "2 - Adicione à página uma paleta de quatro cores distintas. Verifica se a paleta de cores está posicionada abaixo do título 'Paleta de Cores'",
              "timedOut": null,
              "duration": 4651,
              "state": "failed",
              "speed": null,
              "pass": false,
              "fail": true,
              "pending": false,
              "context": null,
              "code": "cy.get('h1#title').then(function (title) {\n  cy.get('#color-palette').should('be.belowOf', title);\n});",
              "err": {
                "message": "CypressError: Timed out retrying: Expected to find element: 'h1#title', but never found it.",
                "estack": "CypressError: Timed out retrying: Expected to find element: 'h1#title', but never found it.\n    at cypressErr (http://localhost:44223/__cypress/runner/cypress_runner.js:149934:9)\n    at throwErr (http://localhost:44223/__cypress/runner/cypress_runner.js:149867:11)\n    at Object.throwErrByPath (http://localhost:44223/__cypress/runner/cypress_runner.js:149915:3)\n    at retry (http://localhost:44223/__cypress/runner/cypress_runner.js:144197:19)\n    at onFailFn (http://localhost:44223/__cypress/runner/cypress_runner.js:132448:16)\n    at tryCatcher (http://localhost:44223/__cypress/runner/cypress_runner.js:167415:23)\n    at Promise._settlePromiseFromHandler (http://localhost:44223/__cypress/runner/cypress_runner.js:165351:31)\n    at Promise._settlePromise (http://localhost:44223/__cypress/runner/cypress_runner.js:165408:18)\n    at Promise._settlePromise0 (http://localhost:44223/__cypress/runner/cypress_runner.js:165453:10)\n    at Promise._settlePromises (http://localhost:44223/__cypress/runner/cypress_runner.js:165528:18)\n    at Async../node_modules/bluebird/js/release/async.js.Async._drainQueue (http://localhost:44223/__cypress/runner/cypress_runner.js:162140:16)\n    at Async../node_modules/bluebird/js/release/async.js.Async._drainQueues (http://localhost:44223/__cypress/runner/cypress_runner.js:162150:10)\n    at Async.drainQueues (http://localhost:44223/__cypress/runner/cypress_runner.js:162024:14)",
                "diff": null
              },
              "uuid": "91cc9960-9703-439e-989b-c60dea6fea92",
              "parentUUID": "96b31dfe-8614-4861-8d00-1a8741dd6907",
              "isHook": false,
              "skipped": false
            },
            {
              "title": "Verifica se a paleta de cores não contém cores repetidas.",
              "fullTitle": "2 - Adicione à página uma paleta de quatro cores distintas. Verifica se a paleta de cores não contém cores repetidas.",
              "timedOut": null,
              "duration": 4571,
              "state": "failed",
              "speed": null,
              "pass": false,
              "fail": true,
              "pending": false,
              "context": null,
              "code": "cy.get('.color').then(function (colors) {\n  var allColors = Array.from(colors).map(function (color) {\n    return Cypress.$(color).css('background-color');\n  });\n  cy.log(allColors);\n  var uniqColors = (0, _toConsumableArray2[\"default\"])(new Set(allColors));\n  cy.log(uniqColors);\n  expect(allColors.length).to.eq(uniqColors.length);\n});",
              "err": {
                "message": "CypressError: Timed out retrying: Expected to find element: '.color', but never found it.",
                "estack": "CypressError: Timed out retrying: Expected to find element: '.color', but never found it.\n    at cypressErr (http://localhost:44223/__cypress/runner/cypress_runner.js:149934:9)\n    at throwErr (http://localhost:44223/__cypress/runner/cypress_runner.js:149867:11)\n    at Object.throwErrByPath (http://localhost:44223/__cypress/runner/cypress_runner.js:149915:3)\n    at retry (http://localhost:44223/__cypress/runner/cypress_runner.js:144197:19)\n    at onFailFn (http://localhost:44223/__cypress/runner/cypress_runner.js:132448:16)\n    at tryCatcher (http://localhost:44223/__cypress/runner/cypress_runner.js:167415:23)\n    at Promise._settlePromiseFromHandler (http://localhost:44223/__cypress/runner/cypress_runner.js:165351:31)\n    at Promise._settlePromise (http://localhost:44223/__cypress/runner/cypress_runner.js:165408:18)\n    at Promise._settlePromise0 (http://localhost:44223/__cypress/runner/cypress_runner.js:165453:10)\n    at Promise._settlePromises (http://localhost:44223/__cypress/runner/cypress_runner.js:165528:18)\n    at Async../node_modules/bluebird/js/release/async.js.Async._drainQueue (http://localhost:44223/__cypress/runner/cypress_runner.js:162140:16)\n    at Async../node_modules/bluebird/js/release/async.js.Async._drainQueues (http://localhost:44223/__cypress/runner/cypress_runner.js:162150:10)\n    at Async.drainQueues (http://localhost:44223/__cypress/runner/cypress_runner.js:162024:14)",
                "diff": null
              },
              "uuid": "c5133883-efbf-429f-8a53-40cb4ec4f7d9",
              "parentUUID": "96b31dfe-8614-4861-8d00-1a8741dd6907",
              "isHook": false,
              "skipped": false
            }
          ],
          "suites": [],
          "passes": [],
          "failures": [
            "1b03aa31-840d-44b0-afaf-96bbe6ee7b71",
            "ac2ced64-f968-46c2-98dc-27e4e69b7deb",
            "72357a08-6e8b-4a0e-b09f-00eb7ba06b79",
            "825365c1-0670-4076-9e9d-3c2a344e3545",
            "ba3989b6-3a32-43e2-bf5e-c871900a035a",
            "91cc9960-9703-439e-989b-c60dea6fea92",
            "c5133883-efbf-429f-8a53-40cb4ec4f7d9"
          ],
          "pending": [],
          "skipped": [],
          "duration": 32797,
          "root": false,
          "rootEmpty": false,
          "_timeout": 2000
        },
        {
          "uuid": "54fd0f44-ee75-4320-9865-41a7a95afc2c",
          "title": "3 - Adicione a cor **preta** como a primeira cor da paleta de cores.",
          "fullFile": "",
          "file": "",
          "beforeHooks": [],
          "afterHooks": [],
          "tests": [
            {
              "title": "Verifica se a primeira cor da paleta é preta",
              "fullTitle": "3 - Adicione a cor **preta** como a primeira cor da paleta de cores. Verifica se a primeira cor da paleta é preta",
              "timedOut": null,
              "duration": 4770,
              "state": "failed",
              "speed": null,
              "pass": false,
              "fail": true,
              "pending": false,
              "context": null,
              "code": "cy.get('.color').first().should('have.css', 'background-color', BLACK);",
              "err": {
                "message": "CypressError: Timed out retrying: Expected to find element: '.color', but never found it.",
                "estack": "CypressError: Timed out retrying: Expected to find element: '.color', but never found it.\n    at cypressErr (http://localhost:44223/__cypress/runner/cypress_runner.js:149934:9)\n    at throwErr (http://localhost:44223/__cypress/runner/cypress_runner.js:149867:11)\n    at Object.throwErrByPath (http://localhost:44223/__cypress/runner/cypress_runner.js:149915:3)\n    at retry (http://localhost:44223/__cypress/runner/cypress_runner.js:144197:19)\n    at onFailFn (http://localhost:44223/__cypress/runner/cypress_runner.js:132448:16)\n    at tryCatcher (http://localhost:44223/__cypress/runner/cypress_runner.js:167415:23)\n    at Promise._settlePromiseFromHandler (http://localhost:44223/__cypress/runner/cypress_runner.js:165351:31)\n    at Promise._settlePromise (http://localhost:44223/__cypress/runner/cypress_runner.js:165408:18)\n    at Promise._settlePromise0 (http://localhost:44223/__cypress/runner/cypress_runner.js:165453:10)\n    at Promise._settlePromises (http://localhost:44223/__cypress/runner/cypress_runner.js:165528:18)\n    at Async../node_modules/bluebird/js/release/async.js.Async._drainQueue (http://localhost:44223/__cypress/runner/cypress_runner.js:162140:16)\n    at Async../node_modules/bluebird/js/release/async.js.Async._drainQueues (http://localhost:44223/__cypress/runner/cypress_runner.js:162150:10)\n    at Async.drainQueues (http://localhost:44223/__cypress/runner/cypress_runner.js:162024:14)",
                "diff": null
              },
              "uuid": "c80ed14d-781f-435a-8188-0a092363606c",
              "parentUUID": "54fd0f44-ee75-4320-9865-41a7a95afc2c",
              "isHook": false,
              "skipped": false
            },
            {
              "title": "Verifica se as demais cores podem ser escolhidas livremente.",
              "fullTitle": "3 - Adicione a cor **preta** como a primeira cor da paleta de cores. Verifica se as demais cores podem ser escolhidas livremente.",
              "timedOut": null,
              "duration": 4803,
              "state": "failed",
              "speed": null,
              "pass": false,
              "fail": true,
              "pending": false,
              "context": null,
              "code": "cy.get('.color').eq(1).should('not.have.css', 'background-color', BLACK);\ncy.get('.color').eq(1).should('not.have.css', 'background-color', WHITE);\ncy.get('.color').eq(1).should('not.have.css', 'background-color', 'rgba(0, 0, 0, 0)');\ncy.get('.color').eq(1).should('have.css', 'background-color');\ncy.get('.color').eq(2).should('not.have.css', 'background-color', BLACK);\ncy.get('.color').eq(2).should('not.have.css', 'background-color', WHITE);\ncy.get('.color').eq(2).should('not.have.css', 'background-color', 'rgba(0, 0, 0, 0)');\ncy.get('.color').eq(2).should('have.css', 'background-color');\ncy.get('.color').eq(3).should('not.have.css', 'background-color', BLACK);\ncy.get('.color').eq(3).should('not.have.css', 'background-color', WHITE);\ncy.get('.color').eq(3).should('not.have.css', 'background-color', 'rgba(0, 0, 0, 0)');\ncy.get('.color').eq(3).should('have.css', 'background-color');",
              "err": {
                "message": "CypressError: Timed out retrying: Expected to find element: '.color', but never found it.",
                "estack": "CypressError: Timed out retrying: Expected to find element: '.color', but never found it.\n    at cypressErr (http://localhost:44223/__cypress/runner/cypress_runner.js:149934:9)\n    at throwErr (http://localhost:44223/__cypress/runner/cypress_runner.js:149867:11)\n    at Object.throwErrByPath (http://localhost:44223/__cypress/runner/cypress_runner.js:149915:3)\n    at retry (http://localhost:44223/__cypress/runner/cypress_runner.js:144197:19)\n    at onFailFn (http://localhost:44223/__cypress/runner/cypress_runner.js:132448:16)\n    at tryCatcher (http://localhost:44223/__cypress/runner/cypress_runner.js:167415:23)\n    at Promise._settlePromiseFromHandler (http://localhost:44223/__cypress/runner/cypress_runner.js:165351:31)\n    at Promise._settlePromise (http://localhost:44223/__cypress/runner/cypress_runner.js:165408:18)\n    at Promise._settlePromise0 (http://localhost:44223/__cypress/runner/cypress_runner.js:165453:10)\n    at Promise._settlePromises (http://localhost:44223/__cypress/runner/cypress_runner.js:165528:18)\n    at Async../node_modules/bluebird/js/release/async.js.Async._drainQueue (http://localhost:44223/__cypress/runner/cypress_runner.js:162140:16)\n    at Async../node_modules/bluebird/js/release/async.js.Async._drainQueues (http://localhost:44223/__cypress/runner/cypress_runner.js:162150:10)\n    at Async.drainQueues (http://localhost:44223/__cypress/runner/cypress_runner.js:162024:14)",
                "diff": null
              },
              "uuid": "b3bcd50d-822e-4e24-aed7-4dc7508f80c1",
              "parentUUID": "54fd0f44-ee75-4320-9865-41a7a95afc2c",
              "isHook": false,
              "skipped": false
            }
          ],
          "suites": [],
          "passes": [],
          "failures": [
            "c80ed14d-781f-435a-8188-0a092363606c",
            "b3bcd50d-822e-4e24-aed7-4dc7508f80c1"
          ],
          "pending": [],
          "skipped": [],
          "duration": 9573,
          "root": false,
          "rootEmpty": false,
          "_timeout": 2000
        },
        {
          "uuid": "dbdd8b9e-db1d-4ec3-828e-a712dced1f5a",
          "title": "4 - Adicione à página um quadro de pixels, com 25 pixels.",
          "fullFile": "",
          "file": "",
          "beforeHooks": [],
          "afterHooks": [],
          "tests": [
            {
              "title": "Verifica se o quadro de pixels possui o `id` denominado `pixel-board`",
              "fullTitle": "4 - Adicione à página um quadro de pixels, com 25 pixels. Verifica se o quadro de pixels possui o `id` denominado `pixel-board`",
              "timedOut": null,
              "duration": 4638,
              "state": "failed",
              "speed": null,
              "pass": false,
              "fail": true,
              "pending": false,
              "context": null,
              "code": "cy.get('#pixel-board').should('be.visible');",
              "err": {
                "message": "CypressError: Timed out retrying: Expected to find element: '#pixel-board', but never found it.",
                "estack": "CypressError: Timed out retrying: Expected to find element: '#pixel-board', but never found it.\n    at cypressErr (http://localhost:44223/__cypress/runner/cypress_runner.js:149934:9)\n    at throwErr (http://localhost:44223/__cypress/runner/cypress_runner.js:149867:11)\n    at Object.throwErrByPath (http://localhost:44223/__cypress/runner/cypress_runner.js:149915:3)\n    at retry (http://localhost:44223/__cypress/runner/cypress_runner.js:144197:19)\n    at onFailFn (http://localhost:44223/__cypress/runner/cypress_runner.js:132448:16)\n    at tryCatcher (http://localhost:44223/__cypress/runner/cypress_runner.js:167415:23)\n    at Promise._settlePromiseFromHandler (http://localhost:44223/__cypress/runner/cypress_runner.js:165351:31)\n    at Promise._settlePromise (http://localhost:44223/__cypress/runner/cypress_runner.js:165408:18)\n    at Promise._settlePromise0 (http://localhost:44223/__cypress/runner/cypress_runner.js:165453:10)\n    at Promise._settlePromises (http://localhost:44223/__cypress/runner/cypress_runner.js:165528:18)\n    at Async../node_modules/bluebird/js/release/async.js.Async._drainQueue (http://localhost:44223/__cypress/runner/cypress_runner.js:162140:16)\n    at Async../node_modules/bluebird/js/release/async.js.Async._drainQueues (http://localhost:44223/__cypress/runner/cypress_runner.js:162150:10)\n    at Async.drainQueues (http://localhost:44223/__cypress/runner/cypress_runner.js:162024:14)",
                "diff": null
              },
              "uuid": "d4ca9921-0cce-496c-8b16-b894a9505385",
              "parentUUID": "dbdd8b9e-db1d-4ec3-828e-a712dced1f5a",
              "isHook": false,
              "skipped": false
            },
            {
              "title": "Verifica se cada pixel individual dentro do quadro possui a `classe` denominada `pixel`.",
              "fullTitle": "4 - Adicione à página um quadro de pixels, com 25 pixels. Verifica se cada pixel individual dentro do quadro possui a `classe` denominada `pixel`.",
              "timedOut": null,
              "duration": 4578,
              "state": "failed",
              "speed": null,
              "pass": false,
              "fail": true,
              "pending": false,
              "context": null,
              "code": "cy.get('.pixel').should('have.length', 25);",
              "err": {
                "message": "CypressError: Timed out retrying: Expected to find element: '.pixel', but never found it.",
                "estack": "CypressError: Timed out retrying: Expected to find element: '.pixel', but never found it.\n    at cypressErr (http://localhost:44223/__cypress/runner/cypress_runner.js:149934:9)\n    at throwErr (http://localhost:44223/__cypress/runner/cypress_runner.js:149867:11)\n    at Object.throwErrByPath (http://localhost:44223/__cypress/runner/cypress_runner.js:149915:3)\n    at retry (http://localhost:44223/__cypress/runner/cypress_runner.js:144197:19)\n    at onFailFn (http://localhost:44223/__cypress/runner/cypress_runner.js:132448:16)\n    at tryCatcher (http://localhost:44223/__cypress/runner/cypress_runner.js:167415:23)\n    at Promise._settlePromiseFromHandler (http://localhost:44223/__cypress/runner/cypress_runner.js:165351:31)\n    at Promise._settlePromise (http://localhost:44223/__cypress/runner/cypress_runner.js:165408:18)\n    at Promise._settlePromise0 (http://localhost:44223/__cypress/runner/cypress_runner.js:165453:10)\n    at Promise._settlePromises (http://localhost:44223/__cypress/runner/cypress_runner.js:165528:18)\n    at Async../node_modules/bluebird/js/release/async.js.Async._drainQueue (http://localhost:44223/__cypress/runner/cypress_runner.js:162140:16)\n    at Async../node_modules/bluebird/js/release/async.js.Async._drainQueues (http://localhost:44223/__cypress/runner/cypress_runner.js:162150:10)\n    at Async.drainQueues (http://localhost:44223/__cypress/runner/cypress_runner.js:162024:14)",
                "diff": null
              },
              "uuid": "583748cc-6e75-49df-aa15-0e7ea8a714fc",
              "parentUUID": "dbdd8b9e-db1d-4ec3-828e-a712dced1f5a",
              "isHook": false,
              "skipped": false
            },
            {
              "title": "Verifica se a cor inicial dos pixels dentro do quadro, ao abrir a página, é branca.",
              "fullTitle": "4 - Adicione à página um quadro de pixels, com 25 pixels. Verifica se a cor inicial dos pixels dentro do quadro, ao abrir a página, é branca.",
              "timedOut": null,
              "duration": 4874,
              "state": "failed",
              "speed": null,
              "pass": false,
              "fail": true,
              "pending": false,
              "context": null,
              "code": "cy.get('.pixel').should('have.length', 25).each(function (pixel) {\n  expect(pixel).to.have.css('background-color', WHITE);\n});",
              "err": {
                "message": "CypressError: Timed out retrying: Expected to find element: '.pixel', but never found it.",
                "estack": "CypressError: Timed out retrying: Expected to find element: '.pixel', but never found it.\n    at cypressErr (http://localhost:44223/__cypress/runner/cypress_runner.js:149934:9)\n    at throwErr (http://localhost:44223/__cypress/runner/cypress_runner.js:149867:11)\n    at Object.throwErrByPath (http://localhost:44223/__cypress/runner/cypress_runner.js:149915:3)\n    at retry (http://localhost:44223/__cypress/runner/cypress_runner.js:144197:19)\n    at onFailFn (http://localhost:44223/__cypress/runner/cypress_runner.js:132448:16)\n    at tryCatcher (http://localhost:44223/__cypress/runner/cypress_runner.js:167415:23)\n    at Promise._settlePromiseFromHandler (http://localhost:44223/__cypress/runner/cypress_runner.js:165351:31)\n    at Promise._settlePromise (http://localhost:44223/__cypress/runner/cypress_runner.js:165408:18)\n    at Promise._settlePromise0 (http://localhost:44223/__cypress/runner/cypress_runner.js:165453:10)\n    at Promise._settlePromises (http://localhost:44223/__cypress/runner/cypress_runner.js:165528:18)\n    at Async../node_modules/bluebird/js/release/async.js.Async._drainQueue (http://localhost:44223/__cypress/runner/cypress_runner.js:162140:16)\n    at Async../node_modules/bluebird/js/release/async.js.Async._drainQueues (http://localhost:44223/__cypress/runner/cypress_runner.js:162150:10)\n    at Async.drainQueues (http://localhost:44223/__cypress/runner/cypress_runner.js:162024:14)",
                "diff": null
              },
              "uuid": "dcd54d17-d13c-4637-82f2-902071c68ceb",
              "parentUUID": "dbdd8b9e-db1d-4ec3-828e-a712dced1f5a",
              "isHook": false,
              "skipped": false
            },
            {
              "title": "Verifica se o quadro de pixels aparece abaixo da paleta de cores",
              "fullTitle": "4 - Adicione à página um quadro de pixels, com 25 pixels. Verifica se o quadro de pixels aparece abaixo da paleta de cores",
              "timedOut": null,
              "duration": 4677,
              "state": "failed",
              "speed": null,
              "pass": false,
              "fail": true,
              "pending": false,
              "context": null,
              "code": "cy.get('#color-palette').then(function (palette) {\n  cy.get('#pixel-board').should('be.belowOf', palette);\n});",
              "err": {
                "message": "CypressError: Timed out retrying: Expected to find element: '#color-palette', but never found it.",
                "estack": "CypressError: Timed out retrying: Expected to find element: '#color-palette', but never found it.\n    at cypressErr (http://localhost:44223/__cypress/runner/cypress_runner.js:149934:9)\n    at throwErr (http://localhost:44223/__cypress/runner/cypress_runner.js:149867:11)\n    at Object.throwErrByPath (http://localhost:44223/__cypress/runner/cypress_runner.js:149915:3)\n    at retry (http://localhost:44223/__cypress/runner/cypress_runner.js:144197:19)\n    at onFailFn (http://localhost:44223/__cypress/runner/cypress_runner.js:132448:16)\n    at tryCatcher (http://localhost:44223/__cypress/runner/cypress_runner.js:167415:23)\n    at Promise._settlePromiseFromHandler (http://localhost:44223/__cypress/runner/cypress_runner.js:165351:31)\n    at Promise._settlePromise (http://localhost:44223/__cypress/runner/cypress_runner.js:165408:18)\n    at Promise._settlePromise0 (http://localhost:44223/__cypress/runner/cypress_runner.js:165453:10)\n    at Promise._settlePromises (http://localhost:44223/__cypress/runner/cypress_runner.js:165528:18)\n    at Async../node_modules/bluebird/js/release/async.js.Async._drainQueue (http://localhost:44223/__cypress/runner/cypress_runner.js:162140:16)\n    at Async../node_modules/bluebird/js/release/async.js.Async._drainQueues (http://localhost:44223/__cypress/runner/cypress_runner.js:162150:10)\n    at Async.drainQueues (http://localhost:44223/__cypress/runner/cypress_runner.js:162024:14)",
                "diff": null
              },
              "uuid": "a369ea4e-1230-4f95-8f52-06e777645ae5",
              "parentUUID": "dbdd8b9e-db1d-4ec3-828e-a712dced1f5a",
              "isHook": false,
              "skipped": false
            }
          ],
          "suites": [],
          "passes": [],
          "failures": [
            "d4ca9921-0cce-496c-8b16-b894a9505385",
            "583748cc-6e75-49df-aa15-0e7ea8a714fc",
            "dcd54d17-d13c-4637-82f2-902071c68ceb",
            "a369ea4e-1230-4f95-8f52-06e777645ae5"
          ],
          "pending": [],
          "skipped": [],
          "duration": 18767,
          "root": false,
          "rootEmpty": false,
          "_timeout": 2000
        },
        {
          "uuid": "a5dce59d-1202-498e-9aff-18322f5bfe2d",
          "title": "5 - Faça com que cada elemento do quadro de pixels possua 40 pixels de largura, 40 pixels de altura e seja delimitado por uma borda preta de 1 pixel.",
          "fullFile": "",
          "file": "",
          "beforeHooks": [],
          "afterHooks": [],
          "tests": [
            {
              "title": "Verifica se o quadro de pixels tem altura e comprimento de 5 elementos",
              "fullTitle": "5 - Faça com que cada elemento do quadro de pixels possua 40 pixels de largura, 40 pixels de altura e seja delimitado por uma borda preta de 1 pixel. Verifica se o quadro de pixels tem altura e comprimento de 5 elementos",
              "timedOut": null,
              "duration": 4559,
              "state": "failed",
              "speed": null,
              "pass": false,
              "fail": true,
              "pending": false,
              "context": null,
              "code": "cy.get('.pixel').should('have.length', 25).each(function (pixel) {\n  expect(pixel).to.have.css('background-color', WHITE);\n}).and(function (pixels) {\n  var rows = chunk(pixels, 5);\n  rows.forEach(function (row) {\n    for (var index = 1; index < row.length; index += 1) {\n      var current = pixels[index];\n      var previous = pixels[index - 1];\n      cy.wrap(current).should('be.onTheRightOf', previous).and('be.horizontallyAlignedWith', previous);\n    }\n  });\n  for (var index = 1; index < 5; index += 1) {\n    expect(pixels[index * 5]).to.be.belowOf(pixels[(index - 1) * 5]);\n  }\n});",
              "err": {
                "message": "CypressError: Timed out retrying: Expected to find element: '.pixel', but never found it.",
                "estack": "CypressError: Timed out retrying: Expected to find element: '.pixel', but never found it.\n    at cypressErr (http://localhost:44223/__cypress/runner/cypress_runner.js:149934:9)\n    at throwErr (http://localhost:44223/__cypress/runner/cypress_runner.js:149867:11)\n    at Object.throwErrByPath (http://localhost:44223/__cypress/runner/cypress_runner.js:149915:3)\n    at retry (http://localhost:44223/__cypress/runner/cypress_runner.js:144197:19)\n    at onFailFn (http://localhost:44223/__cypress/runner/cypress_runner.js:132448:16)\n    at tryCatcher (http://localhost:44223/__cypress/runner/cypress_runner.js:167415:23)\n    at Promise._settlePromiseFromHandler (http://localhost:44223/__cypress/runner/cypress_runner.js:165351:31)\n    at Promise._settlePromise (http://localhost:44223/__cypress/runner/cypress_runner.js:165408:18)\n    at Promise._settlePromise0 (http://localhost:44223/__cypress/runner/cypress_runner.js:165453:10)\n    at Promise._settlePromises (http://localhost:44223/__cypress/runner/cypress_runner.js:165528:18)\n    at Async../node_modules/bluebird/js/release/async.js.Async._drainQueue (http://localhost:44223/__cypress/runner/cypress_runner.js:162140:16)\n    at Async../node_modules/bluebird/js/release/async.js.Async._drainQueues (http://localhost:44223/__cypress/runner/cypress_runner.js:162150:10)\n    at Async.drainQueues (http://localhost:44223/__cypress/runner/cypress_runner.js:162024:14)",
                "diff": null
              },
              "uuid": "e11b4ac1-3e57-456d-a145-d5bb1a205833",
              "parentUUID": "a5dce59d-1202-498e-9aff-18322f5bfe2d",
              "isHook": false,
              "skipped": false
            },
            {
              "title": "Verifica se 40 pixels é o tamanho total do elemento, incluindo seu conteúdo e excluindo a borda preta, que deve ser criada à parte.",
              "fullTitle": "5 - Faça com que cada elemento do quadro de pixels possua 40 pixels de largura, 40 pixels de altura e seja delimitado por uma borda preta de 1 pixel. Verifica se 40 pixels é o tamanho total do elemento, incluindo seu conteúdo e excluindo a borda preta, que deve ser criada à parte.",
              "timedOut": null,
              "duration": 4715,
              "state": "failed",
              "speed": null,
              "pass": false,
              "fail": true,
              "pending": false,
              "context": null,
              "code": "cy.get('.pixel').each(function (pixel) {\n  cy.wrap(pixel).should('have.css', 'height', '40px').and('have.css', 'width', '40px').and('have.css', 'border', \"1px solid \".concat(BLACK));\n});",
              "err": {
                "message": "CypressError: Timed out retrying: Expected to find element: '.pixel', but never found it.",
                "estack": "CypressError: Timed out retrying: Expected to find element: '.pixel', but never found it.\n    at cypressErr (http://localhost:44223/__cypress/runner/cypress_runner.js:149934:9)\n    at throwErr (http://localhost:44223/__cypress/runner/cypress_runner.js:149867:11)\n    at Object.throwErrByPath (http://localhost:44223/__cypress/runner/cypress_runner.js:149915:3)\n    at retry (http://localhost:44223/__cypress/runner/cypress_runner.js:144197:19)\n    at onFailFn (http://localhost:44223/__cypress/runner/cypress_runner.js:132448:16)\n    at tryCatcher (http://localhost:44223/__cypress/runner/cypress_runner.js:167415:23)\n    at Promise._settlePromiseFromHandler (http://localhost:44223/__cypress/runner/cypress_runner.js:165351:31)\n    at Promise._settlePromise (http://localhost:44223/__cypress/runner/cypress_runner.js:165408:18)\n    at Promise._settlePromise0 (http://localhost:44223/__cypress/runner/cypress_runner.js:165453:10)\n    at Promise._settlePromises (http://localhost:44223/__cypress/runner/cypress_runner.js:165528:18)\n    at Async../node_modules/bluebird/js/release/async.js.Async._drainQueue (http://localhost:44223/__cypress/runner/cypress_runner.js:162140:16)\n    at Async../node_modules/bluebird/js/release/async.js.Async._drainQueues (http://localhost:44223/__cypress/runner/cypress_runner.js:162150:10)\n    at Async.drainQueues (http://localhost:44223/__cypress/runner/cypress_runner.js:162024:14)",
                "diff": null
              },
              "uuid": "2220f027-ea7d-437a-96a1-932a64e8e58d",
              "parentUUID": "a5dce59d-1202-498e-9aff-18322f5bfe2d",
              "isHook": false,
              "skipped": false
            }
          ],
          "suites": [],
          "passes": [],
          "failures": [
            "e11b4ac1-3e57-456d-a145-d5bb1a205833",
            "2220f027-ea7d-437a-96a1-932a64e8e58d"
          ],
          "pending": [],
          "skipped": [],
          "duration": 9274,
          "root": false,
          "rootEmpty": false,
          "_timeout": 2000
        },
        {
          "uuid": "6086be92-2f00-451d-b66d-05fd971c30c4",
          "title": "6 - Defina a cor preta como cor inicial. Ao carregar a página a cor preta já deve estar selecionada para pintar os pixels",
          "fullFile": "",
          "file": "",
          "beforeHooks": [],
          "afterHooks": [],
          "tests": [
            {
              "title": "Verifica se o elemento da cor preta possui, inicialmente, a `classe` `selected`",
              "fullTitle": "6 - Defina a cor preta como cor inicial. Ao carregar a página a cor preta já deve estar selecionada para pintar os pixels Verifica se o elemento da cor preta possui, inicialmente, a `classe` `selected`",
              "timedOut": null,
              "duration": 4891,
              "state": "failed",
              "speed": null,
              "pass": false,
              "fail": true,
              "pending": false,
              "context": null,
              "code": "cy.get('.selected').first().should('have.css', 'background-color', BLACK);",
              "err": {
                "message": "CypressError: Timed out retrying: Expected to find element: '.selected', but never found it.",
                "estack": "CypressError: Timed out retrying: Expected to find element: '.selected', but never found it.\n    at cypressErr (http://localhost:44223/__cypress/runner/cypress_runner.js:149934:9)\n    at throwErr (http://localhost:44223/__cypress/runner/cypress_runner.js:149867:11)\n    at Object.throwErrByPath (http://localhost:44223/__cypress/runner/cypress_runner.js:149915:3)\n    at retry (http://localhost:44223/__cypress/runner/cypress_runner.js:144197:19)\n    at onFailFn (http://localhost:44223/__cypress/runner/cypress_runner.js:132448:16)\n    at tryCatcher (http://localhost:44223/__cypress/runner/cypress_runner.js:167415:23)\n    at Promise._settlePromiseFromHandler (http://localhost:44223/__cypress/runner/cypress_runner.js:165351:31)\n    at Promise._settlePromise (http://localhost:44223/__cypress/runner/cypress_runner.js:165408:18)\n    at Promise._settlePromise0 (http://localhost:44223/__cypress/runner/cypress_runner.js:165453:10)\n    at Promise._settlePromises (http://localhost:44223/__cypress/runner/cypress_runner.js:165528:18)\n    at Async../node_modules/bluebird/js/release/async.js.Async._drainQueue (http://localhost:44223/__cypress/runner/cypress_runner.js:162140:16)\n    at Async../node_modules/bluebird/js/release/async.js.Async._drainQueues (http://localhost:44223/__cypress/runner/cypress_runner.js:162150:10)\n    at Async.drainQueues (http://localhost:44223/__cypress/runner/cypress_runner.js:162024:14)",
                "diff": null
              },
              "uuid": "9c84e83e-ca80-4d5b-bfb6-5e6107394cee",
              "parentUUID": "6086be92-2f00-451d-b66d-05fd971c30c4",
              "isHook": false,
              "skipped": false
            },
            {
              "title": "Verifica se nenhuma outra cor da paleta tem a `classe` `selected`",
              "fullTitle": "6 - Defina a cor preta como cor inicial. Ao carregar a página a cor preta já deve estar selecionada para pintar os pixels Verifica se nenhuma outra cor da paleta tem a `classe` `selected`",
              "timedOut": null,
              "duration": 4629,
              "state": "failed",
              "speed": null,
              "pass": false,
              "fail": true,
              "pending": false,
              "context": null,
              "code": "cy.get('.color:not(:first-child)').each(function (color) {\n  cy.wrap(color).should('not.have.class', 'selected');\n});",
              "err": {
                "message": "CypressError: Timed out retrying: Expected to find element: '.color:not(:first-child)', but never found it.",
                "estack": "CypressError: Timed out retrying: Expected to find element: '.color:not(:first-child)', but never found it.\n    at cypressErr (http://localhost:44223/__cypress/runner/cypress_runner.js:149934:9)\n    at throwErr (http://localhost:44223/__cypress/runner/cypress_runner.js:149867:11)\n    at Object.throwErrByPath (http://localhost:44223/__cypress/runner/cypress_runner.js:149915:3)\n    at retry (http://localhost:44223/__cypress/runner/cypress_runner.js:144197:19)\n    at onFailFn (http://localhost:44223/__cypress/runner/cypress_runner.js:132448:16)\n    at tryCatcher (http://localhost:44223/__cypress/runner/cypress_runner.js:167415:23)\n    at Promise._settlePromiseFromHandler (http://localhost:44223/__cypress/runner/cypress_runner.js:165351:31)\n    at Promise._settlePromise (http://localhost:44223/__cypress/runner/cypress_runner.js:165408:18)\n    at Promise._settlePromise0 (http://localhost:44223/__cypress/runner/cypress_runner.js:165453:10)\n    at Promise._settlePromises (http://localhost:44223/__cypress/runner/cypress_runner.js:165528:18)\n    at Async../node_modules/bluebird/js/release/async.js.Async._drainQueue (http://localhost:44223/__cypress/runner/cypress_runner.js:162140:16)\n    at Async../node_modules/bluebird/js/release/async.js.Async._drainQueues (http://localhost:44223/__cypress/runner/cypress_runner.js:162150:10)\n    at Async.drainQueues (http://localhost:44223/__cypress/runner/cypress_runner.js:162024:14)",
                "diff": null
              },
              "uuid": "a7d072ea-2f3d-47c0-8b68-3ebf0bd07d57",
              "parentUUID": "6086be92-2f00-451d-b66d-05fd971c30c4",
              "isHook": false,
              "skipped": false
            }
          ],
          "suites": [],
          "passes": [],
          "failures": [
            "9c84e83e-ca80-4d5b-bfb6-5e6107394cee",
            "a7d072ea-2f3d-47c0-8b68-3ebf0bd07d57"
          ],
          "pending": [],
          "skipped": [],
          "duration": 9520,
          "root": false,
          "rootEmpty": false,
          "_timeout": 2000
        },
        {
          "uuid": "e2a9d5a3-c629-4837-97f0-6a3bfbe0dec6",
          "title": "7 - Clicar em uma das cores da paleta, faz com que ela seja selecionada e utilizada para preencher os pixels no quadro.",
          "fullFile": "",
          "file": "",
          "beforeHooks": [],
          "afterHooks": [],
          "tests": [
            {
              "title": "Verifica se somente uma cor da paleta de cores tem a classe `selected` de cada vez",
              "fullTitle": "7 - Clicar em uma das cores da paleta, faz com que ela seja selecionada e utilizada para preencher os pixels no quadro. Verifica se somente uma cor da paleta de cores tem a classe `selected` de cada vez",
              "timedOut": null,
              "duration": 4829,
              "state": "failed",
              "speed": null,
              "pass": false,
              "fail": true,
              "pending": false,
              "context": null,
              "code": "cy.get('.color').each(function (selectedColor, selectedColorIndex) {\n  cy.wrap(selectedColor).click();\n  cy.get('.color').each(function (color, colorIndex) {\n    if (colorIndex === selectedColorIndex) {\n      expect(color).to.have[\"class\"]('selected');\n    } else {\n      expect(color).not.to.have[\"class\"]('selected');\n    }\n  });\n});",
              "err": {
                "message": "CypressError: Timed out retrying: Expected to find element: '.color', but never found it.",
                "estack": "CypressError: Timed out retrying: Expected to find element: '.color', but never found it.\n    at cypressErr (http://localhost:44223/__cypress/runner/cypress_runner.js:149934:9)\n    at throwErr (http://localhost:44223/__cypress/runner/cypress_runner.js:149867:11)\n    at Object.throwErrByPath (http://localhost:44223/__cypress/runner/cypress_runner.js:149915:3)\n    at retry (http://localhost:44223/__cypress/runner/cypress_runner.js:144197:19)\n    at onFailFn (http://localhost:44223/__cypress/runner/cypress_runner.js:132448:16)\n    at tryCatcher (http://localhost:44223/__cypress/runner/cypress_runner.js:167415:23)\n    at Promise._settlePromiseFromHandler (http://localhost:44223/__cypress/runner/cypress_runner.js:165351:31)\n    at Promise._settlePromise (http://localhost:44223/__cypress/runner/cypress_runner.js:165408:18)\n    at Promise._settlePromise0 (http://localhost:44223/__cypress/runner/cypress_runner.js:165453:10)\n    at Promise._settlePromises (http://localhost:44223/__cypress/runner/cypress_runner.js:165528:18)\n    at Async../node_modules/bluebird/js/release/async.js.Async._drainQueue (http://localhost:44223/__cypress/runner/cypress_runner.js:162140:16)\n    at Async../node_modules/bluebird/js/release/async.js.Async._drainQueues (http://localhost:44223/__cypress/runner/cypress_runner.js:162150:10)\n    at Async.drainQueues (http://localhost:44223/__cypress/runner/cypress_runner.js:162024:14)",
                "diff": null
              },
              "uuid": "54a791ec-5095-4348-af0f-186a8cb033da",
              "parentUUID": "e2a9d5a3-c629-4837-97f0-6a3bfbe0dec6",
              "isHook": false,
              "skipped": false
            },
            {
              "title": "Verifica se os pixels dentro do quadro não têm a classe `selected` quando são clicados",
              "fullTitle": "7 - Clicar em uma das cores da paleta, faz com que ela seja selecionada e utilizada para preencher os pixels no quadro. Verifica se os pixels dentro do quadro não têm a classe `selected` quando são clicados",
              "timedOut": null,
              "duration": 4541,
              "state": "failed",
              "speed": null,
              "pass": false,
              "fail": true,
              "pending": false,
              "context": null,
              "code": "cy.get('.color').each(function (color) {\n  var backgroundColor = color.css('background-color');\n  cy.wrap(color).click();\n  cy.get('.pixel').each(function (pixel) {\n    cy.wrap(pixel).click().should('not.have.class', 'selected');\n  });\n});",
              "err": {
                "message": "CypressError: Timed out retrying: Expected to find element: '.color', but never found it.",
                "estack": "CypressError: Timed out retrying: Expected to find element: '.color', but never found it.\n    at cypressErr (http://localhost:44223/__cypress/runner/cypress_runner.js:149934:9)\n    at throwErr (http://localhost:44223/__cypress/runner/cypress_runner.js:149867:11)\n    at Object.throwErrByPath (http://localhost:44223/__cypress/runner/cypress_runner.js:149915:3)\n    at retry (http://localhost:44223/__cypress/runner/cypress_runner.js:144197:19)\n    at onFailFn (http://localhost:44223/__cypress/runner/cypress_runner.js:132448:16)\n    at tryCatcher (http://localhost:44223/__cypress/runner/cypress_runner.js:167415:23)\n    at Promise._settlePromiseFromHandler (http://localhost:44223/__cypress/runner/cypress_runner.js:165351:31)\n    at Promise._settlePromise (http://localhost:44223/__cypress/runner/cypress_runner.js:165408:18)\n    at Promise._settlePromise0 (http://localhost:44223/__cypress/runner/cypress_runner.js:165453:10)\n    at Promise._settlePromises (http://localhost:44223/__cypress/runner/cypress_runner.js:165528:18)\n    at Async../node_modules/bluebird/js/release/async.js.Async._drainQueue (http://localhost:44223/__cypress/runner/cypress_runner.js:162140:16)\n    at Async../node_modules/bluebird/js/release/async.js.Async._drainQueues (http://localhost:44223/__cypress/runner/cypress_runner.js:162150:10)\n    at Async.drainQueues (http://localhost:44223/__cypress/runner/cypress_runner.js:162024:14)",
                "diff": null
              },
              "uuid": "dbb0457e-3e0b-4142-9229-0e88173a535e",
              "parentUUID": "e2a9d5a3-c629-4837-97f0-6a3bfbe0dec6",
              "isHook": false,
              "skipped": false
            }
          ],
          "suites": [],
          "passes": [],
          "failures": [
            "54a791ec-5095-4348-af0f-186a8cb033da",
            "dbb0457e-3e0b-4142-9229-0e88173a535e"
          ],
          "pending": [],
          "skipped": [],
          "duration": 9370,
          "root": false,
          "rootEmpty": false,
          "_timeout": 2000
        },
        {
          "uuid": "2f315696-f0ab-4122-809c-9f595393018b",
          "title": "8 - Clicar em um pixel dentro do quadro após selecionar uma cor na paleta, faz com que o pixel seja preenchido com a cor selecionada.",
          "fullFile": "",
          "file": "",
          "beforeHooks": [],
          "afterHooks": [],
          "tests": [
            {
              "title": "Verifica se ao carregar a página deve ser possível pintar os pixels de preto",
              "fullTitle": "8 - Clicar em um pixel dentro do quadro após selecionar uma cor na paleta, faz com que o pixel seja preenchido com a cor selecionada. Verifica se ao carregar a página deve ser possível pintar os pixels de preto",
              "timedOut": null,
              "duration": 4892,
              "state": "failed",
              "speed": null,
              "pass": false,
              "fail": true,
              "pending": false,
              "context": null,
              "code": "cy.get('.pixel').each(function (pixel) {\n  cy.wrap(pixel).click().should('have.css', 'background-color', BLACK);\n});",
              "err": {
                "message": "CypressError: Timed out retrying: Expected to find element: '.pixel', but never found it.",
                "estack": "CypressError: Timed out retrying: Expected to find element: '.pixel', but never found it.\n    at cypressErr (http://localhost:44223/__cypress/runner/cypress_runner.js:149934:9)\n    at throwErr (http://localhost:44223/__cypress/runner/cypress_runner.js:149867:11)\n    at Object.throwErrByPath (http://localhost:44223/__cypress/runner/cypress_runner.js:149915:3)\n    at retry (http://localhost:44223/__cypress/runner/cypress_runner.js:144197:19)\n    at onFailFn (http://localhost:44223/__cypress/runner/cypress_runner.js:132448:16)\n    at tryCatcher (http://localhost:44223/__cypress/runner/cypress_runner.js:167415:23)\n    at Promise._settlePromiseFromHandler (http://localhost:44223/__cypress/runner/cypress_runner.js:165351:31)\n    at Promise._settlePromise (http://localhost:44223/__cypress/runner/cypress_runner.js:165408:18)\n    at Promise._settlePromise0 (http://localhost:44223/__cypress/runner/cypress_runner.js:165453:10)\n    at Promise._settlePromises (http://localhost:44223/__cypress/runner/cypress_runner.js:165528:18)\n    at Async../node_modules/bluebird/js/release/async.js.Async._drainQueue (http://localhost:44223/__cypress/runner/cypress_runner.js:162140:16)\n    at Async../node_modules/bluebird/js/release/async.js.Async._drainQueues (http://localhost:44223/__cypress/runner/cypress_runner.js:162150:10)\n    at Async.drainQueues (http://localhost:44223/__cypress/runner/cypress_runner.js:162024:14)",
                "diff": null
              },
              "uuid": "15999065-e88a-4c52-a726-1facb2b255eb",
              "parentUUID": "2f315696-f0ab-4122-809c-9f595393018b",
              "isHook": false,
              "skipped": false
            },
            {
              "title": "Verifica se após selecionar uma outra cor na paleta, é possível pintar os pixels com essa cor",
              "fullTitle": "8 - Clicar em um pixel dentro do quadro após selecionar uma cor na paleta, faz com que o pixel seja preenchido com a cor selecionada. Verifica se após selecionar uma outra cor na paleta, é possível pintar os pixels com essa cor",
              "timedOut": null,
              "duration": 13553,
              "state": "failed",
              "speed": null,
              "pass": false,
              "fail": true,
              "pending": false,
              "context": null,
              "code": "cy.get('.color').each(function (color) {\n  var backgroundColor = color.css('background-color');\n  cy.wrap(color).click();\n  cy.get('.pixel').each(function (pixel) {\n    cy.wrap(pixel).click().should('have.css', 'background-color', backgroundColor);\n  });\n});",
              "err": {
                "message": "CypressError: Timed out retrying: Expected to find element: '.color', but never found it.",
                "estack": "CypressError: Timed out retrying: Expected to find element: '.color', but never found it.\n    at cypressErr (http://localhost:44223/__cypress/runner/cypress_runner.js:149934:9)\n    at throwErr (http://localhost:44223/__cypress/runner/cypress_runner.js:149867:11)\n    at Object.throwErrByPath (http://localhost:44223/__cypress/runner/cypress_runner.js:149915:3)\n    at retry (http://localhost:44223/__cypress/runner/cypress_runner.js:144197:19)\n    at onFailFn (http://localhost:44223/__cypress/runner/cypress_runner.js:132448:16)\n    at tryCatcher (http://localhost:44223/__cypress/runner/cypress_runner.js:167415:23)\n    at Promise._settlePromiseFromHandler (http://localhost:44223/__cypress/runner/cypress_runner.js:165351:31)\n    at Promise._settlePromise (http://localhost:44223/__cypress/runner/cypress_runner.js:165408:18)\n    at Promise._settlePromise0 (http://localhost:44223/__cypress/runner/cypress_runner.js:165453:10)\n    at Promise._settlePromises (http://localhost:44223/__cypress/runner/cypress_runner.js:165528:18)\n    at Async../node_modules/bluebird/js/release/async.js.Async._drainQueue (http://localhost:44223/__cypress/runner/cypress_runner.js:162140:16)\n    at Async../node_modules/bluebird/js/release/async.js.Async._drainQueues (http://localhost:44223/__cypress/runner/cypress_runner.js:162150:10)\n    at Async.drainQueues (http://localhost:44223/__cypress/runner/cypress_runner.js:162024:14)",
                "diff": null
              },
              "uuid": "90d7dd90-2a6e-4640-9f22-cae7664b4665",
              "parentUUID": "2f315696-f0ab-4122-809c-9f595393018b",
              "isHook": false,
              "skipped": false
            },
            {
              "title": "Verifica se somente o pixel que foi clicado foi preenchido com a cor selecionada, sem influenciar na cor dos demais pixels.",
              "fullTitle": "8 - Clicar em um pixel dentro do quadro após selecionar uma cor na paleta, faz com que o pixel seja preenchido com a cor selecionada. Verifica se somente o pixel que foi clicado foi preenchido com a cor selecionada, sem influenciar na cor dos demais pixels.",
              "timedOut": null,
              "duration": 5111,
              "state": "failed",
              "speed": null,
              "pass": false,
              "fail": true,
              "pending": false,
              "context": null,
              "code": "var colorToPixelIndexMap = {\n  0: 6,\n  1: 8,\n  2: 16,\n  3: 18\n};\ncy.get('.color').each(function (color, index) {\n  cy.wrap(color).click();\n  var backgroundColor = color.css('background-color');\n  var clickedPixelIndex = colorToPixelIndexMap[index];\n  cy.get('.pixel').eq(clickedPixelIndex).click();\n  cy.get('.pixel').eq(clickedPixelIndex - 1).should('not.have.css', 'background-color', backgroundColor);\n  cy.get('.pixel').eq(clickedPixelIndex + 1).should('not.have.css', 'background-color', backgroundColor);\n  cy.get('.pixel').eq(clickedPixelIndex - 5).should('not.have.css', 'background-color', backgroundColor);\n  cy.get('.pixel').eq(clickedPixelIndex + 5).should('not.have.css', 'background-color', backgroundColor);\n  cy.get('.pixel').eq(clickedPixelIndex - 6).should('not.have.css', 'background-color', backgroundColor);\n  cy.get('.pixel').eq(clickedPixelIndex - 4).should('not.have.css', 'background-color', backgroundColor);\n  cy.get('.pixel').eq(clickedPixelIndex + 4).should('not.have.css', 'background-color', backgroundColor);\n  cy.get('.pixel').eq(clickedPixelIndex + 6).should('not.have.css', 'background-color', backgroundColor);\n});",
              "err": {
                "message": "CypressError: Timed out retrying: Expected to find element: '.color', but never found it.",
                "estack": "CypressError: Timed out retrying: Expected to find element: '.color', but never found it.\n    at cypressErr (http://localhost:44223/__cypress/runner/cypress_runner.js:149934:9)\n    at throwErr (http://localhost:44223/__cypress/runner/cypress_runner.js:149867:11)\n    at Object.throwErrByPath (http://localhost:44223/__cypress/runner/cypress_runner.js:149915:3)\n    at retry (http://localhost:44223/__cypress/runner/cypress_runner.js:144197:19)\n    at onFailFn (http://localhost:44223/__cypress/runner/cypress_runner.js:132448:16)\n    at tryCatcher (http://localhost:44223/__cypress/runner/cypress_runner.js:167415:23)\n    at Promise._settlePromiseFromHandler (http://localhost:44223/__cypress/runner/cypress_runner.js:165351:31)\n    at Promise._settlePromise (http://localhost:44223/__cypress/runner/cypress_runner.js:165408:18)\n    at Promise._settlePromise0 (http://localhost:44223/__cypress/runner/cypress_runner.js:165453:10)\n    at Promise._settlePromises (http://localhost:44223/__cypress/runner/cypress_runner.js:165528:18)\n    at Async../node_modules/bluebird/js/release/async.js.Async._drainQueue (http://localhost:44223/__cypress/runner/cypress_runner.js:162140:16)\n    at Async../node_modules/bluebird/js/release/async.js.Async._drainQueues (http://localhost:44223/__cypress/runner/cypress_runner.js:162150:10)\n    at Async.drainQueues (http://localhost:44223/__cypress/runner/cypress_runner.js:162024:14)",
                "diff": null
              },
              "uuid": "9a5cdee5-32af-4fb0-839d-043bab46b9b7",
              "parentUUID": "2f315696-f0ab-4122-809c-9f595393018b",
              "isHook": false,
              "skipped": false
            }
          ],
          "suites": [],
          "passes": [],
          "failures": [
            "15999065-e88a-4c52-a726-1facb2b255eb",
            "90d7dd90-2a6e-4640-9f22-cae7664b4665",
            "9a5cdee5-32af-4fb0-839d-043bab46b9b7"
          ],
          "pending": [],
          "skipped": [],
          "duration": 23556,
          "root": false,
          "rootEmpty": false,
          "_timeout": 2000
        },
        {
          "uuid": "6356c365-6326-46cf-b5f9-20f1bc2ae6b9",
          "title": "9 - Crie um botão que, ao ser clicado, limpa o quadro preenchendo a cor de todos seus pixels com branco.",
          "fullFile": "",
          "file": "",
          "beforeHooks": [],
          "afterHooks": [],
          "tests": [
            {
              "title": "Verifica se o botão tem o `id` denominado `clear-board`",
              "fullTitle": "9 - Crie um botão que, ao ser clicado, limpa o quadro preenchendo a cor de todos seus pixels com branco. Verifica se o botão tem o `id` denominado `clear-board`",
              "timedOut": null,
              "duration": 4676,
              "state": "failed",
              "speed": null,
              "pass": false,
              "fail": true,
              "pending": false,
              "context": null,
              "code": "cy.get('#clear-board').should('be.visible');",
              "err": {
                "message": "CypressError: Timed out retrying: Expected to find element: '#clear-board', but never found it.",
                "estack": "CypressError: Timed out retrying: Expected to find element: '#clear-board', but never found it.\n    at cypressErr (http://localhost:44223/__cypress/runner/cypress_runner.js:149934:9)\n    at throwErr (http://localhost:44223/__cypress/runner/cypress_runner.js:149867:11)\n    at Object.throwErrByPath (http://localhost:44223/__cypress/runner/cypress_runner.js:149915:3)\n    at retry (http://localhost:44223/__cypress/runner/cypress_runner.js:144197:19)\n    at onFailFn (http://localhost:44223/__cypress/runner/cypress_runner.js:132448:16)\n    at tryCatcher (http://localhost:44223/__cypress/runner/cypress_runner.js:167415:23)\n    at Promise._settlePromiseFromHandler (http://localhost:44223/__cypress/runner/cypress_runner.js:165351:31)\n    at Promise._settlePromise (http://localhost:44223/__cypress/runner/cypress_runner.js:165408:18)\n    at Promise._settlePromise0 (http://localhost:44223/__cypress/runner/cypress_runner.js:165453:10)\n    at Promise._settlePromises (http://localhost:44223/__cypress/runner/cypress_runner.js:165528:18)\n    at Async../node_modules/bluebird/js/release/async.js.Async._drainQueue (http://localhost:44223/__cypress/runner/cypress_runner.js:162140:16)\n    at Async../node_modules/bluebird/js/release/async.js.Async._drainQueues (http://localhost:44223/__cypress/runner/cypress_runner.js:162150:10)\n    at Async.drainQueues (http://localhost:44223/__cypress/runner/cypress_runner.js:162024:14)",
                "diff": null
              },
              "uuid": "235d611a-7df2-47d5-8117-2a991b1b7c55",
              "parentUUID": "6356c365-6326-46cf-b5f9-20f1bc2ae6b9",
              "isHook": false,
              "skipped": false
            },
            {
              "title": "Verifica se o botão está posicionado entre a paleta de cores e o quadro de pixels",
              "fullTitle": "9 - Crie um botão que, ao ser clicado, limpa o quadro preenchendo a cor de todos seus pixels com branco. Verifica se o botão está posicionado entre a paleta de cores e o quadro de pixels",
              "timedOut": null,
              "duration": 4542,
              "state": "failed",
              "speed": null,
              "pass": false,
              "fail": true,
              "pending": false,
              "context": null,
              "code": "cy.get('#color-palette').then(function (palette) {\n  cy.get('#clear-board').should('be.belowOf', palette);\n});\ncy.get('#clear-board').then(function (clearBtn) {\n  cy.get('#pixel-board').should('be.belowOf', clearBtn);\n});",
              "err": {
                "message": "CypressError: Timed out retrying: Expected to find element: '#color-palette', but never found it.",
                "estack": "CypressError: Timed out retrying: Expected to find element: '#color-palette', but never found it.\n    at cypressErr (http://localhost:44223/__cypress/runner/cypress_runner.js:149934:9)\n    at throwErr (http://localhost:44223/__cypress/runner/cypress_runner.js:149867:11)\n    at Object.throwErrByPath (http://localhost:44223/__cypress/runner/cypress_runner.js:149915:3)\n    at retry (http://localhost:44223/__cypress/runner/cypress_runner.js:144197:19)\n    at onFailFn (http://localhost:44223/__cypress/runner/cypress_runner.js:132448:16)\n    at tryCatcher (http://localhost:44223/__cypress/runner/cypress_runner.js:167415:23)\n    at Promise._settlePromiseFromHandler (http://localhost:44223/__cypress/runner/cypress_runner.js:165351:31)\n    at Promise._settlePromise (http://localhost:44223/__cypress/runner/cypress_runner.js:165408:18)\n    at Promise._settlePromise0 (http://localhost:44223/__cypress/runner/cypress_runner.js:165453:10)\n    at Promise._settlePromises (http://localhost:44223/__cypress/runner/cypress_runner.js:165528:18)\n    at Async../node_modules/bluebird/js/release/async.js.Async._drainQueue (http://localhost:44223/__cypress/runner/cypress_runner.js:162140:16)\n    at Async../node_modules/bluebird/js/release/async.js.Async._drainQueues (http://localhost:44223/__cypress/runner/cypress_runner.js:162150:10)\n    at Async.drainQueues (http://localhost:44223/__cypress/runner/cypress_runner.js:162024:14)",
                "diff": null
              },
              "uuid": "5f513aac-b576-4b88-bf77-da76bae4ae83",
              "parentUUID": "6356c365-6326-46cf-b5f9-20f1bc2ae6b9",
              "isHook": false,
              "skipped": false
            },
            {
              "title": "Verifica se o texto do botão é 'Limpar'",
              "fullTitle": "9 - Crie um botão que, ao ser clicado, limpa o quadro preenchendo a cor de todos seus pixels com branco. Verifica se o texto do botão é 'Limpar'",
              "timedOut": null,
              "duration": 4748,
              "state": "failed",
              "speed": null,
              "pass": false,
              "fail": true,
              "pending": false,
              "context": null,
              "code": "cy.get('#clear-board').should('contain.text', 'Limpar');",
              "err": {
                "message": "CypressError: Timed out retrying: Expected to find element: '#clear-board', but never found it.",
                "estack": "CypressError: Timed out retrying: Expected to find element: '#clear-board', but never found it.\n    at cypressErr (http://localhost:44223/__cypress/runner/cypress_runner.js:149934:9)\n    at throwErr (http://localhost:44223/__cypress/runner/cypress_runner.js:149867:11)\n    at Object.throwErrByPath (http://localhost:44223/__cypress/runner/cypress_runner.js:149915:3)\n    at retry (http://localhost:44223/__cypress/runner/cypress_runner.js:144197:19)\n    at onFailFn (http://localhost:44223/__cypress/runner/cypress_runner.js:132448:16)\n    at tryCatcher (http://localhost:44223/__cypress/runner/cypress_runner.js:167415:23)\n    at Promise._settlePromiseFromHandler (http://localhost:44223/__cypress/runner/cypress_runner.js:165351:31)\n    at Promise._settlePromise (http://localhost:44223/__cypress/runner/cypress_runner.js:165408:18)\n    at Promise._settlePromise0 (http://localhost:44223/__cypress/runner/cypress_runner.js:165453:10)\n    at Promise._settlePromises (http://localhost:44223/__cypress/runner/cypress_runner.js:165528:18)\n    at Async../node_modules/bluebird/js/release/async.js.Async._drainQueue (http://localhost:44223/__cypress/runner/cypress_runner.js:162140:16)\n    at Async../node_modules/bluebird/js/release/async.js.Async._drainQueues (http://localhost:44223/__cypress/runner/cypress_runner.js:162150:10)\n    at Async.drainQueues (http://localhost:44223/__cypress/runner/cypress_runner.js:162024:14)",
                "diff": null
              },
              "uuid": "096e53c1-bf33-4f61-92aa-e67a672175da",
              "parentUUID": "6356c365-6326-46cf-b5f9-20f1bc2ae6b9",
              "isHook": false,
              "skipped": false
            },
            {
              "title": "Verifica se ao clicar no botão, o quadro de pixels é totalmente preenchido de branco",
              "fullTitle": "9 - Crie um botão que, ao ser clicado, limpa o quadro preenchendo a cor de todos seus pixels com branco. Verifica se ao clicar no botão, o quadro de pixels é totalmente preenchido de branco",
              "timedOut": null,
              "duration": 4595,
              "state": "failed",
              "speed": null,
              "pass": false,
              "fail": true,
              "pending": false,
              "context": null,
              "code": "cy.get('.color').eq(1).then(function (color) {\n  var backgroundColor = color.css('background-color');\n  cy.wrap(color).click();\n  cy.get('.pixel').each(function (pixel) {\n    cy.wrap(pixel).click().should('have.css', 'background-color', backgroundColor);\n  });\n});\ncy.get('#clear-board').click();\ncy.get('.pixel').each(function (pixel) {\n  cy.wrap(pixel).should('have.css', 'background-color', WHITE);\n});",
              "err": {
                "message": "CypressError: Timed out retrying: Expected to find element: '.color', but never found it.",
                "estack": "CypressError: Timed out retrying: Expected to find element: '.color', but never found it.\n    at cypressErr (http://localhost:44223/__cypress/runner/cypress_runner.js:149934:9)\n    at throwErr (http://localhost:44223/__cypress/runner/cypress_runner.js:149867:11)\n    at Object.throwErrByPath (http://localhost:44223/__cypress/runner/cypress_runner.js:149915:3)\n    at retry (http://localhost:44223/__cypress/runner/cypress_runner.js:144197:19)\n    at onFailFn (http://localhost:44223/__cypress/runner/cypress_runner.js:132448:16)\n    at tryCatcher (http://localhost:44223/__cypress/runner/cypress_runner.js:167415:23)\n    at Promise._settlePromiseFromHandler (http://localhost:44223/__cypress/runner/cypress_runner.js:165351:31)\n    at Promise._settlePromise (http://localhost:44223/__cypress/runner/cypress_runner.js:165408:18)\n    at Promise._settlePromise0 (http://localhost:44223/__cypress/runner/cypress_runner.js:165453:10)\n    at Promise._settlePromises (http://localhost:44223/__cypress/runner/cypress_runner.js:165528:18)\n    at Async../node_modules/bluebird/js/release/async.js.Async._drainQueue (http://localhost:44223/__cypress/runner/cypress_runner.js:162140:16)\n    at Async../node_modules/bluebird/js/release/async.js.Async._drainQueues (http://localhost:44223/__cypress/runner/cypress_runner.js:162150:10)\n    at Async.drainQueues (http://localhost:44223/__cypress/runner/cypress_runner.js:162024:14)",
                "diff": null
              },
              "uuid": "7d68e260-1759-4c41-991a-b59bc095fa8d",
              "parentUUID": "6356c365-6326-46cf-b5f9-20f1bc2ae6b9",
              "isHook": false,
              "skipped": false
            }
          ],
          "suites": [],
          "passes": [],
          "failures": [
            "235d611a-7df2-47d5-8117-2a991b1b7c55",
            "5f513aac-b576-4b88-bf77-da76bae4ae83",
[...]
                "diff": null
              },
              "uuid": "f98770a0-e91f-4ff4-aba2-cdb75b08fb37",
              "parentUUID": "005134d1-de6d-4d29-842d-9db89f47a990",
              "isHook": false,
              "skipped": false
            },
            {
              "title": "Verifica se o novo quadro tem todos os pixels preenchidos com a cor branca",
              "fullTitle": "10 - Faça o quadro de pixels ter seu tamanho definido pelo usuário. Verifica se o novo quadro tem todos os pixels preenchidos com a cor branca",
              "timedOut": null,
              "duration": 4713,
              "state": "failed",
              "speed": null,
              "pass": false,
              "fail": true,
              "pending": false,
              "context": null,
              "code": "cy.get('#board-size').clear().type(6);\ncy.get('#generate-board').click();\ncy.get('.pixel').should('have.length', 36).each(function (pixel) {\n  expect(pixel).to.have.css('background-color', WHITE);\n});",
              "err": {
                "message": "CypressError: Timed out retrying: Expected to find element: '#board-size', but never found it.",
                "estack": "CypressError: Timed out retrying: Expected to find element: '#board-size', but never found it.\n    at cypressErr (http://localhost:44223/__cypress/runner/cypress_runner.js:149934:9)\n    at throwErr (http://localhost:44223/__cypress/runner/cypress_runner.js:149867:11)\n    at Object.throwErrByPath (http://localhost:44223/__cypress/runner/cypress_runner.js:149915:3)\n    at retry (http://localhost:44223/__cypress/runner/cypress_runner.js:144197:19)\n    at onFailFn (http://localhost:44223/__cypress/runner/cypress_runner.js:132448:16)\n    at tryCatcher (http://localhost:44223/__cypress/runner/cypress_runner.js:167415:23)\n    at Promise._settlePromiseFromHandler (http://localhost:44223/__cypress/runner/cypress_runner.js:165351:31)\n    at Promise._settlePromise (http://localhost:44223/__cypress/runner/cypress_runner.js:165408:18)\n    at Promise._settlePromise0 (http://localhost:44223/__cypress/runner/cypress_runner.js:165453:10)\n    at Promise._settlePromises (http://localhost:44223/__cypress/runner/cypress_runner.js:165528:18)\n    at Async../node_modules/bluebird/js/release/async.js.Async._drainQueue (http://localhost:44223/__cypress/runner/cypress_runner.js:162140:16)\n    at Async../node_modules/bluebird/js/release/async.js.Async._drainQueues (http://localhost:44223/__cypress/runner/cypress_runner.js:162150:10)\n    at Async.drainQueues (http://localhost:44223/__cypress/runner/cypress_runner.js:162024:14)",
                "diff": null
              },
              "uuid": "62f2a484-9b5c-4561-9a37-581daf80cf02",
              "parentUUID": "005134d1-de6d-4d29-842d-9db89f47a990",
              "isHook": false,
              "skipped": false
            }
          ],
          "suites": [],
          "passes": [],
          "failures": [
            "168b4112-331c-410b-8ba5-08224a798423",
            "944a1de8-c50a-41ab-af4d-c8658e163d0b",
            "b108c555-8c7b-497d-b827-d7196025d5fc",
            "549c1102-705b-41ac-8ccc-39d4473c2469",
            "b2b2c749-7a67-47a3-bd0c-72c6e6eb8ade",
            "2deb658a-63bf-4d6d-a8b6-97fd93061d07",
            "9275d06a-d1d0-4814-8b13-828183b26d5c",
            "f98770a0-e91f-4ff4-aba2-cdb75b08fb37",
            "62f2a484-9b5c-4561-9a37-581daf80cf02"
          ],
          "pending": [],
          "skipped": [],
          "duration": 43840,
          "root": false,
          "rootEmpty": false,
          "_timeout": 2000
        },
        {
          "uuid": "77eb4851-15b1-42f6-acda-b674dd251d68",
          "title": "11 - Limite o tamanho mínimo e máximo do board.",
          "fullFile": "",
          "file": "",
          "beforeHooks": [],
          "afterHooks": [],
          "tests": [
            {
              "title": "Verifica se a altura máxima do board é 50",
              "fullTitle": "11 - Limite o tamanho mínimo e máximo do board. Verifica se a altura máxima do board é 50",
              "timedOut": null,
              "duration": 4693,
              "state": "failed",
              "speed": null,
              "pass": false,
              "fail": true,
              "pending": false,
              "context": null,
              "code": "cy.get('#board-size').clear().type(50);\ncy.get('#generate-board').click();\ncy.get('.pixel').should('have.length', 2500);",
              "err": {
                "message": "CypressError: Timed out retrying: Expected to find element: '#board-size', but never found it.",
                "estack": "CypressError: Timed out retrying: Expected to find element: '#board-size', but never found it.\n    at cypressErr (http://localhost:44223/__cypress/runner/cypress_runner.js:149934:9)\n    at throwErr (http://localhost:44223/__cypress/runner/cypress_runner.js:149867:11)\n    at Object.throwErrByPath (http://localhost:44223/__cypress/runner/cypress_runner.js:149915:3)\n    at retry (http://localhost:44223/__cypress/runner/cypress_runner.js:144197:19)\n    at onFailFn (http://localhost:44223/__cypress/runner/cypress_runner.js:132448:16)\n    at tryCatcher (http://localhost:44223/__cypress/runner/cypress_runner.js:167415:23)\n    at Promise._settlePromiseFromHandler (http://localhost:44223/__cypress/runner/cypress_runner.js:165351:31)\n    at Promise._settlePromise (http://localhost:44223/__cypress/runner/cypress_runner.js:165408:18)\n    at Promise._settlePromise0 (http://localhost:44223/__cypress/runner/cypress_runner.js:165453:10)\n    at Promise._settlePromises (http://localhost:44223/__cypress/runner/cypress_runner.js:165528:18)\n    at Async../node_modules/bluebird/js/release/async.js.Async._drainQueue (http://localhost:44223/__cypress/runner/cypress_runner.js:162140:16)\n    at Async../node_modules/bluebird/js/release/async.js.Async._drainQueues (http://localhost:44223/__cypress/runner/cypress_runner.js:162150:10)\n    at Async.drainQueues (http://localhost:44223/__cypress/runner/cypress_runner.js:162024:14)",
                "diff": null
              },
              "uuid": "93c79c35-f572-4e1e-8373-f703f4593c63",
              "parentUUID": "77eb4851-15b1-42f6-acda-b674dd251d68",
              "isHook": false,
              "skipped": false
            },
            {
              "title": "Verifica se a altura do board é 5 quando um valor menor é colocado no input",
              "fullTitle": "11 - Limite o tamanho mínimo e máximo do board. Verifica se a altura do board é 5 quando um valor menor é colocado no input",
              "timedOut": null,
              "duration": 4742,
              "state": "failed",
              "speed": null,
              "pass": false,
              "fail": true,
              "pending": false,
              "context": null,
              "code": "cy.get('#board-size').clear().type(4);\ncy.get('#generate-board').click();\ncy.get('.pixel').should('have.length', 25);",
              "err": {
                "message": "CypressError: Timed out retrying: Expected to find element: '#board-size', but never found it.",
                "estack": "CypressError: Timed out retrying: Expected to find element: '#board-size', but never found it.\n    at cypressErr (http://localhost:44223/__cypress/runner/cypress_runner.js:149934:9)\n    at throwErr (http://localhost:44223/__cypress/runner/cypress_runner.js:149867:11)\n    at Object.throwErrByPath (http://localhost:44223/__cypress/runner/cypress_runner.js:149915:3)\n    at retry (http://localhost:44223/__cypress/runner/cypress_runner.js:144197:19)\n    at onFailFn (http://localhost:44223/__cypress/runner/cypress_runner.js:132448:16)\n    at tryCatcher (http://localhost:44223/__cypress/runner/cypress_runner.js:167415:23)\n    at Promise._settlePromiseFromHandler (http://localhost:44223/__cypress/runner/cypress_runner.js:165351:31)\n    at Promise._settlePromise (http://localhost:44223/__cypress/runner/cypress_runner.js:165408:18)\n    at Promise._settlePromise0 (http://localhost:44223/__cypress/runner/cypress_runner.js:165453:10)\n    at Promise._settlePromises (http://localhost:44223/__cypress/runner/cypress_runner.js:165528:18)\n    at Async../node_modules/bluebird/js/release/async.js.Async._drainQueue (http://localhost:44223/__cypress/runner/cypress_runner.js:162140:16)\n    at Async../node_modules/bluebird/js/release/async.js.Async._drainQueues (http://localhost:44223/__cypress/runner/cypress_runner.js:162150:10)\n    at Async.drainQueues (http://localhost:44223/__cypress/runner/cypress_runner.js:162024:14)",
                "diff": null
              },
              "uuid": "41d80210-17b1-47d1-928c-065922b080b9",
              "parentUUID": "77eb4851-15b1-42f6-acda-b674dd251d68",
              "isHook": false,
              "skipped": false
            },
            {
              "title": "Verifica se a altura do board é 50 quando um valor maior é colocado no input",
              "fullTitle": "11 - Limite o tamanho mínimo e máximo do board. Verifica se a altura do board é 50 quando um valor maior é colocado no input",
              "timedOut": null,
              "duration": 4830,
              "state": "failed",
              "speed": null,
              "pass": false,
              "fail": true,
              "pending": false,
              "context": null,
              "code": "cy.get('#board-size').clear().type(51);\ncy.get('#generate-board').click();\ncy.get('.pixel').should('have.length', 2500);",
              "err": {
                "message": "CypressError: Timed out retrying: Expected to find element: '#board-size', but never found it.",
                "estack": "CypressError: Timed out retrying: Expected to find element: '#board-size', but never found it.\n    at cypressErr (http://localhost:44223/__cypress/runner/cypress_runner.js:149934:9)\n    at throwErr (http://localhost:44223/__cypress/runner/cypress_runner.js:149867:11)\n    at Object.throwErrByPath (http://localhost:44223/__cypress/runner/cypress_runner.js:149915:3)\n    at retry (http://localhost:44223/__cypress/runner/cypress_runner.js:144197:19)\n    at onFailFn (http://localhost:44223/__cypress/runner/cypress_runner.js:132448:16)\n    at tryCatcher (http://localhost:44223/__cypress/runner/cypress_runner.js:167415:23)\n    at Promise._settlePromiseFromHandler (http://localhost:44223/__cypress/runner/cypress_runner.js:165351:31)\n    at Promise._settlePromise (http://localhost:44223/__cypress/runner/cypress_runner.js:165408:18)\n    at Promise._settlePromise0 (http://localhost:44223/__cypress/runner/cypress_runner.js:165453:10)\n    at Promise._settlePromises (http://localhost:44223/__cypress/runner/cypress_runner.js:165528:18)\n    at Async../node_modules/bluebird/js/release/async.js.Async._drainQueue (http://localhost:44223/__cypress/runner/cypress_runner.js:162140:16)\n    at Async../node_modules/bluebird/js/release/async.js.Async._drainQueues (http://localhost:44223/__cypress/runner/cypress_runner.js:162150:10)\n    at Async.drainQueues (http://localhost:44223/__cypress/runner/cypress_runner.js:162024:14)",
                "diff": null
              },
              "uuid": "6af98301-e0ee-40b3-8b0d-7b6a76fcb7d8",
              "parentUUID": "77eb4851-15b1-42f6-acda-b674dd251d68",
              "isHook": false,
              "skipped": false
            }
          ],
          "suites": [],
          "passes": [],
          "failures": [
            "93c79c35-f572-4e1e-8373-f703f4593c63",
            "41d80210-17b1-47d1-928c-065922b080b9",
            "6af98301-e0ee-40b3-8b0d-7b6a76fcb7d8"
          ],
          "pending": [],
          "skipped": [],
          "duration": 14265,
          "root": false,
          "rootEmpty": false,
          "_timeout": 2000
        },
        {
          "uuid": "fe00e27b-2f22-43e2-acbd-7d48a2b91d31",
          "title": "12 - Faça com que as cores da paleta sejam geradas aleatoriamente ao carregar a página.",
          "fullFile": "",
          "file": "",
          "beforeHooks": [],
          "afterHooks": [],
          "tests": [
            {
              "title": "Verifica se as cores geradas na paleta são diferentes a cada carregamento da página",
              "fullTitle": "12 - Faça com que as cores da paleta sejam geradas aleatoriamente ao carregar a página. Verifica se as cores geradas na paleta são diferentes a cada carregamento da página",
              "timedOut": null,
              "duration": 4867,
              "state": "failed",
              "speed": null,
              "pass": false,
              "fail": true,
              "pending": false,
              "context": null,
              "code": "cy.get('.color').then(function (colors) {\n  var currentColors;\n  var previousColors;\n  previousColors = Array.from(colors).map(function (color) {\n    return Cypress.$(color).css('background-color');\n  });\n  for (var i = 0; i < 5; i += 1) {\n    cy.reload();\n    cy.get('.color').then(function (colors) {\n      currentColors = Array.from(colors).map(function (color) {\n        return Cypress.$(color).css('background-color');\n      });\n      expect(currentColors).not.to.deep.equal(previousColors);\n      previousColors = currentColors;\n    });\n  }\n});",
              "err": {
                "message": "CypressError: Timed out retrying: Expected to find element: '.color', but never found it.",
                "estack": "CypressError: Timed out retrying: Expected to find element: '.color', but never found it.\n    at cypressErr (http://localhost:44223/__cypress/runner/cypress_runner.js:149934:9)\n    at throwErr (http://localhost:44223/__cypress/runner/cypress_runner.js:149867:11)\n    at Object.throwErrByPath (http://localhost:44223/__cypress/runner/cypress_runner.js:149915:3)\n    at retry (http://localhost:44223/__cypress/runner/cypress_runner.js:144197:19)\n    at onFailFn (http://localhost:44223/__cypress/runner/cypress_runner.js:132448:16)\n    at tryCatcher (http://localhost:44223/__cypress/runner/cypress_runner.js:167415:23)\n    at Promise._settlePromiseFromHandler (http://localhost:44223/__cypress/runner/cypress_runner.js:165351:31)\n    at Promise._settlePromise (http://localhost:44223/__cypress/runner/cypress_runner.js:165408:18)\n    at Promise._settlePromise0 (http://localhost:44223/__cypress/runner/cypress_runner.js:165453:10)\n    at Promise._settlePromises (http://localhost:44223/__cypress/runner/cypress_runner.js:165528:18)\n    at Async../node_modules/bluebird/js/release/async.js.Async._drainQueue (http://localhost:44223/__cypress/runner/cypress_runner.js:162140:16)\n    at Async../node_modules/bluebird/js/release/async.js.Async._drainQueues (http://localhost:44223/__cypress/runner/cypress_runner.js:162150:10)\n    at Async.drainQueues (http://localhost:44223/__cypress/runner/cypress_runner.js:162024:14)",
                "diff": null
              },
              "uuid": "5a8130e9-82ae-4fad-887f-92484f0a1d13",
              "parentUUID": "fe00e27b-2f22-43e2-acbd-7d48a2b91d31",
              "isHook": false,
              "skipped": false
            },
            {
              "title": "Verifica se a cor preta ainda está presente e é a primeira na sua paleta de cores",
              "fullTitle": "12 - Faça com que as cores da paleta sejam geradas aleatoriamente ao carregar a página. Verifica se a cor preta ainda está presente e é a primeira na sua paleta de cores",
              "timedOut": null,
              "duration": 4821,
              "state": "failed",
              "speed": null,
              "pass": false,
              "fail": true,
              "pending": false,
              "context": null,
              "code": "cy.get('.color').then(function (colors) {\n  var currentColors;\n  var previousColors;\n  previousColors = Array.from(colors).map(function (color) {\n    return Cypress.$(color).css('background-color');\n  });\n  expect(previousColors[0]).to.eq(BLACK);\n  for (var i = 0; i < 5; i += 1) {\n    cy.reload();\n    cy.get('.color').then(function (colors) {\n      currentColors = Array.from(colors).map(function (color) {\n        return Cypress.$(color).css('background-color');\n      });\n      expect(currentColors[0]).to.eq(BLACK);\n      expect(currentColors).not.to.deep.equal(previousColors);\n      previousColors = currentColors;\n    });\n  }\n});",
              "err": {
                "message": "CypressError: Timed out retrying: Expected to find element: '.color', but never found it.",
                "estack": "CypressError: Timed out retrying: Expected to find element: '.color', but never found it.\n    at cypressErr (http://localhost:44223/__cypress/runner/cypress_runner.js:149934:9)\n    at throwErr (http://localhost:44223/__cypress/runner/cypress_runner.js:149867:11)\n    at Object.throwErrByPath (http://localhost:44223/__cypress/runner/cypress_runner.js:149915:3)\n    at retry (http://localhost:44223/__cypress/runner/cypress_runner.js:144197:19)\n    at onFailFn (http://localhost:44223/__cypress/runner/cypress_runner.js:132448:16)\n    at tryCatcher (http://localhost:44223/__cypress/runner/cypress_runner.js:167415:23)\n    at Promise._settlePromiseFromHandler (http://localhost:44223/__cypress/runner/cypress_runner.js:165351:31)\n    at Promise._settlePromise (http://localhost:44223/__cypress/runner/cypress_runner.js:165408:18)\n    at Promise._settlePromise0 (http://localhost:44223/__cypress/runner/cypress_runner.js:165453:10)\n    at Promise._settlePromises (http://localhost:44223/__cypress/runner/cypress_runner.js:165528:18)\n    at Async../node_modules/bluebird/js/release/async.js.Async._drainQueue (http://localhost:44223/__cypress/runner/cypress_runner.js:162140:16)\n    at Async../node_modules/bluebird/js/release/async.js.Async._drainQueues (http://localhost:44223/__cypress/runner/cypress_runner.js:162150:10)\n    at Async.drainQueues (http://localhost:44223/__cypress/runner/cypress_runner.js:162024:14)",
                "diff": null
              },
              "uuid": "80e9959d-8678-4a2f-8920-2d3d3a7446a3",
              "parentUUID": "fe00e27b-2f22-43e2-acbd-7d48a2b91d31",
              "isHook": false,
              "skipped": false
            }
          ],
          "suites": [],
          "passes": [],
          "failures": [
            "5a8130e9-82ae-4fad-887f-92484f0a1d13",
            "80e9959d-8678-4a2f-8920-2d3d3a7446a3"
          ],
          "pending": [],
          "skipped": [],
          "duration": 9688,
          "root": false,
          "rootEmpty": false,
          "_timeout": 2000
        }
      ],
      "passes": [],
      "failures": [],
      "pending": [],
      "skipped": [],
      "duration": 0,
      "root": true,
      "rootEmpty": true,
      "_timeout": 2000
    }
  ],
  "meta": {
    "mocha": {
      "version": "7.0.1"
    },
    "mochawesome": {
      "options": {
        "quiet": false,
        "reportFilename": "mochawesome",
        "saveHtml": false,
        "saveJson": true,
        "consoleReporter": "spec",
        "useInlineDiffs": false
      },
      "version": "4.1.0"
    },
    "marge": {
      "options": {
        "id": "default",
        "reportDir": "cypress/reports",
        "overwrite": true,
        "html": false,
        "json": true
      },
      "version": "4.1.0"
    }
  }
}